Compiling the C compiler identification source file "CMakeCCompilerId.c" failed.
Compiler: D:/Program Files (x86)/Microsoft Visual Studio/2019/Enterprise/VC/Tools/MSVC/14.29.30133/bin/Hostx64/x64/cl.exe 
Build flags: 
Id flags:  

The output was:
2
用于 x64 的 Microsoft (R) C/C++ 优化编译器 19.29.30151 版
版权所有(C) Microsoft Corporation。保留所有权利。

CMakeCCompilerId.c
Microsoft (R) Incremental Linker Version 14.29.30151.0
Copyright (C) Microsoft Corporation.  All rights reserved.

/out:CMakeCCompilerId.exe 
CMakeCCompilerId.obj 
libucrt.lib(checkcfg.obj) : error LNK2001: 无法解析的外部符号 _guard_check_icall_$fo$
CMakeCCompilerId.exe : fatal error LNK1120: 1 个无法解析的外部命令


Compiling the CXX compiler identification source file "CMakeCXXCompilerId.cpp" failed.
Compiler: D:/Program Files (x86)/Microsoft Visual Studio/2019/Enterprise/VC/Tools/MSVC/14.29.30133/bin/Hostx64/x64/cl.exe 
Build flags: 
Id flags:  

The output was:
2
用于 x64 的 Microsoft (R) C/C++ 优化编译器 19.29.30151 版
版权所有(C) Microsoft Corporation。保留所有权利。

CMakeCXXCompilerId.cpp
Microsoft (R) Incremental Linker Version 14.29.30151.0
Copyright (C) Microsoft Corporation.  All rights reserved.

/out:CMakeCXXCompilerId.exe 
CMakeCXXCompilerId.obj 
libucrt.lib(checkcfg.obj) : error LNK2001: 无法解析的外部符号 _guard_check_icall_$fo$
CMakeCXXCompilerId.exe : fatal error LNK1120: 1 个无法解析的外部命令


